<html>
<head>
<title>TestNG:  tests</title>
<link href="../testng.css" rel="stylesheet" type="text/css" />
<link href="../my-testng.css" rel="stylesheet" type="text/css" />

<style type="text/css">
.log { display: none;} 
.stack-trace { display: none;} 
</style>
<script type="text/javascript">
<!--
function flip(e) {
  current = e.style.display;
  if (current == 'block') {
    e.style.display = 'none';
    return 0;
  }
  else {
    e.style.display = 'block';
    return 1;
  }
}

function toggleBox(szDivId, elem, msg1, msg2)
{
  var res = -1;  if (document.getElementById) {
    res = flip(document.getElementById(szDivId));
  }
  else if (document.all) {
    // this is the way old msie versions work
    res = flip(document.all[szDivId]);
  }
  if(elem) {
    if(res == 0) elem.innerHTML = msg1; else elem.innerHTML = msg2;
  }

}

function toggleAllBoxes() {
  if (document.getElementsByTagName) {
    d = document.getElementsByTagName('div');
    for (i = 0; i < d.length; i++) {
      if (d[i].className == 'log') {
        flip(d[i]);
      }
    }
  }
}

// -->
</script>

</head>
<body>
<h2 align='center'>tests</h2><table border='1' align="center">
<tr>
<td>Tests passed/Failed/Skipped:</td><td>35/2/0</td>
</tr><tr>
<td>Started on:</td><td>Mon Feb 20 19:51:44 PST 2023</td>
</tr>
<tr><td>Total time:</td><td>1558 seconds (1558639 ms)</td>
</tr><tr>
<td>Included groups:</td><td></td>
</tr><tr>
<td>Excluded groups:</td><td></td>
</tr>
</table><p/>
<small><i>(Hover the method name to see the test class name)</i></small><p/>
<table width='100%' border='1' class='invocation-failed'>
<tr><td colspan='4' align='center'><b>FAILED TESTS</b></td></tr>
<tr><td><b>Test method</b></td>
<td width="30%"><b>Exception</b></td>
<td width="10%"><b>Time (seconds)</b></td>
<td><b>Instance</b></td>
</tr>
<tr>
<td title='com.jan23.tests.Login.contactsRecent()'><b>contactsRecent</b><br>Test class: com.jan23.tests.Login</td>
<td><div><pre>org.openqa.selenium.NoSuchElementException: no such element: Unable to locate element: {&quot;method&quot;:&quot;xpath&quot;,&quot;selector&quot;:&quot;//a[contains(text(),&apos;United Oil &amp; Gas Corp.&apos;)]&quot;}
  (Session info: chrome=110.0.5481.104)
For documentation on this error, please visit: https://www.seleniumhq.org/exceptions/no_such_element.html
Build info: version: &apos;3.141.59&apos;, revision: &apos;e82be7d358&apos;, time: &apos;2018-11-14T08:17:03&apos;
System info: host: &apos;LAPTOP&apos;, ip: &apos;192.168.0.12&apos;, os.name: &apos;Windows 10&apos;, os.arch: &apos;amd64&apos;, os.version: &apos;10.0&apos;, java.version: &apos;16.0.1&apos;
Driver info: org.openqa.selenium.chrome.ChromeDriver
Capabilities {acceptInsecureCerts: false, browserName: chrome, browserVersion: 110.0.5481.104, chrome: {chromedriverVersion: 110.0.5481.77 (65ed616c6e8e..., userDataDir: C:\Users\admin\AppData\Loca...}, goog:chromeOptions: {debuggerAddress: localhost:59365}, javascriptEnabled: true, networkConnectionEnabled: false, pageLoadStrategy: normal, platform: WINDOWS, platformName: WINDOWS, proxy: Proxy(), setWindowRect: true, strictFileInteractability: false, timeouts: {implicit: 0, pageLoad: 300000, script: 30000}, unhandledPromptBehavior: dismiss and notify, webauthn:extension:credBlob: true, webauthn:extension:largeBlob: true, webauthn:virtualAuthenticators: true}
Session ID: 38b51a6a76da4b4a377380e15cce161d
*** Element info: {Using=xpath, value=//a[contains(text(),&apos;United Oil &amp; Gas Corp.&apos;)]}
	at org.openqa.selenium.remote.http.W3CHttpResponseCodec.createException(W3CHttpResponseCodec.java:187)
	at org.openqa.selenium.remote.http.W3CHttpResponseCodec.decode(W3CHttpResponseCodec.java:122)
	at org.openqa.selenium.remote.http.W3CHttpResponseCodec.decode(W3CHttpResponseCodec.java:49)
	at org.openqa.selenium.remote.HttpCommandExecutor.execute(HttpCommandExecutor.java:158)
	at org.openqa.selenium.remote.service.DriverCommandExecutor.execute(DriverCommandExecutor.java:83)
	at org.openqa.selenium.remote.RemoteWebDriver.execute(RemoteWebDriver.java:552)
	at org.openqa.selenium.remote.RemoteWebDriver.findElement(RemoteWebDriver.java:323)
	at org.openqa.selenium.remote.RemoteWebDriver.findElementByXPath(RemoteWebDriver.java:428)
	at org.openqa.selenium.By$ByXPath.findElement(By.java:353)
	at org.openqa.selenium.remote.RemoteWebDriver.findElement(RemoteWebDriver.java:315)
	at com.jan23.tests.Login.contactsRecent(Login.java:1238)
... Removed 30 stack frames</pre></div><a href='#' onClick='toggleBox("stack-trace2141744605", this, "Click to show all stack frames", "Click to hide stack frames")'>Click to show all stack frames</a>
<div class='stack-trace' id='stack-trace2141744605'><pre>org.openqa.selenium.NoSuchElementException: no such element: Unable to locate element: {&quot;method&quot;:&quot;xpath&quot;,&quot;selector&quot;:&quot;//a[contains(text(),&apos;United Oil &amp; Gas Corp.&apos;)]&quot;}
  (Session info: chrome=110.0.5481.104)
For documentation on this error, please visit: https://www.seleniumhq.org/exceptions/no_such_element.html
Build info: version: &apos;3.141.59&apos;, revision: &apos;e82be7d358&apos;, time: &apos;2018-11-14T08:17:03&apos;
System info: host: &apos;LAPTOP&apos;, ip: &apos;192.168.0.12&apos;, os.name: &apos;Windows 10&apos;, os.arch: &apos;amd64&apos;, os.version: &apos;10.0&apos;, java.version: &apos;16.0.1&apos;
Driver info: org.openqa.selenium.chrome.ChromeDriver
Capabilities {acceptInsecureCerts: false, browserName: chrome, browserVersion: 110.0.5481.104, chrome: {chromedriverVersion: 110.0.5481.77 (65ed616c6e8e..., userDataDir: C:\Users\admin\AppData\Loca...}, goog:chromeOptions: {debuggerAddress: localhost:59365}, javascriptEnabled: true, networkConnectionEnabled: false, pageLoadStrategy: normal, platform: WINDOWS, platformName: WINDOWS, proxy: Proxy(), setWindowRect: true, strictFileInteractability: false, timeouts: {implicit: 0, pageLoad: 300000, script: 30000}, unhandledPromptBehavior: dismiss and notify, webauthn:extension:credBlob: true, webauthn:extension:largeBlob: true, webauthn:virtualAuthenticators: true}
Session ID: 38b51a6a76da4b4a377380e15cce161d
*** Element info: {Using=xpath, value=//a[contains(text(),&apos;United Oil &amp; Gas Corp.&apos;)]}
	at java.base/jdk.internal.reflect.NativeConstructorAccessorImpl.newInstance0(Native Method)
	at java.base/jdk.internal.reflect.NativeConstructorAccessorImpl.newInstance(NativeConstructorAccessorImpl.java:78)
	at java.base/jdk.internal.reflect.DelegatingConstructorAccessorImpl.newInstance(DelegatingConstructorAccessorImpl.java:45)
	at java.base/java.lang.reflect.Constructor.newInstanceWithCaller(Constructor.java:499)
	at java.base/java.lang.reflect.Constructor.newInstance(Constructor.java:480)
	at org.openqa.selenium.remote.http.W3CHttpResponseCodec.createException(W3CHttpResponseCodec.java:187)
	at org.openqa.selenium.remote.http.W3CHttpResponseCodec.decode(W3CHttpResponseCodec.java:122)
	at org.openqa.selenium.remote.http.W3CHttpResponseCodec.decode(W3CHttpResponseCodec.java:49)
	at org.openqa.selenium.remote.HttpCommandExecutor.execute(HttpCommandExecutor.java:158)
	at org.openqa.selenium.remote.service.DriverCommandExecutor.execute(DriverCommandExecutor.java:83)
	at org.openqa.selenium.remote.RemoteWebDriver.execute(RemoteWebDriver.java:552)
	at org.openqa.selenium.remote.RemoteWebDriver.findElement(RemoteWebDriver.java:323)
	at org.openqa.selenium.remote.RemoteWebDriver.findElementByXPath(RemoteWebDriver.java:428)
	at org.openqa.selenium.By$ByXPath.findElement(By.java:353)
	at org.openqa.selenium.remote.RemoteWebDriver.findElement(RemoteWebDriver.java:315)
	at com.jan23.tests.Login.contactsRecent(Login.java:1238)
	at java.base/jdk.internal.reflect.NativeMethodAccessorImpl.invoke0(Native Method)
	at java.base/jdk.internal.reflect.NativeMethodAccessorImpl.invoke(NativeMethodAccessorImpl.java:78)
	at java.base/jdk.internal.reflect.DelegatingMethodAccessorImpl.invoke(DelegatingMethodAccessorImpl.java:43)
	at java.base/java.lang.reflect.Method.invoke(Method.java:567)
	at org.testng.internal.MethodInvocationHelper.invokeMethod(MethodInvocationHelper.java:124)
	at org.testng.internal.Invoker.invokeMethod(Invoker.java:583)
	at org.testng.internal.Invoker.invokeTestMethod(Invoker.java:719)
	at org.testng.internal.Invoker.invokeTestMethods(Invoker.java:989)
	at org.testng.internal.TestMethodWorker.invokeTestMethods(TestMethodWorker.java:125)
	at org.testng.internal.TestMethodWorker.run(TestMethodWorker.java:109)
	at org.testng.TestRunner.privateRun(TestRunner.java:648)
	at org.testng.TestRunner.run(TestRunner.java:505)
	at org.testng.SuiteRunner.runTest(SuiteRunner.java:455)
	at org.testng.SuiteRunner.runSequentially(SuiteRunner.java:450)
	at org.testng.SuiteRunner.privateRun(SuiteRunner.java:415)
	at org.testng.SuiteRunner.run(SuiteRunner.java:364)
	at org.testng.SuiteRunnerWorker.runSuite(SuiteRunnerWorker.java:52)
	at org.testng.SuiteRunnerWorker.run(SuiteRunnerWorker.java:84)
	at org.testng.TestNG.runSuitesSequentially(TestNG.java:1208)
	at org.testng.TestNG.runSuitesLocally(TestNG.java:1137)
	at org.testng.TestNG.runSuites(TestNG.java:1049)
	at org.testng.TestNG.run(TestNG.java:1017)
	at org.testng.remote.AbstractRemoteTestNG.run(AbstractRemoteTestNG.java:115)
	at org.testng.remote.RemoteTestNG.initAndRun(RemoteTestNG.java:251)
	at org.testng.remote.RemoteTestNG.main(RemoteTestNG.java:77)
</pre></div></td>
<td>26</td>
<td>com.jan23.tests.Login@4445629</td></tr>
<tr>
<td title='com.jan23.tests.Login.editview()'><b>editview</b><br>Test class: com.jan23.tests.Login</td>
<td><div><pre>org.openqa.selenium.NoSuchElementException: Cannot locate element with text: vee33
For documentation on this error, please visit: https://www.seleniumhq.org/exceptions/no_such_element.html
Build info: version: &apos;3.141.59&apos;, revision: &apos;e82be7d358&apos;, time: &apos;2018-11-14T08:17:03&apos;
System info: host: &apos;LAPTOP&apos;, ip: &apos;192.168.0.12&apos;, os.name: &apos;Windows 10&apos;, os.arch: &apos;amd64&apos;, os.version: &apos;10.0&apos;, java.version: &apos;16.0.1&apos;
Driver info: driver.version: unknown
	at org.openqa.selenium.support.ui.Select.selectByVisibleText(Select.java:147)
	at com.jan23.base.basetest.dropdown(basetest.java:137)
	at com.jan23.tests.Login.editview(Login.java:434)
... Removed 25 stack frames</pre></div><a href='#' onClick='toggleBox("stack-trace1982591789", this, "Click to show all stack frames", "Click to hide stack frames")'>Click to show all stack frames</a>
<div class='stack-trace' id='stack-trace1982591789'><pre>org.openqa.selenium.NoSuchElementException: Cannot locate element with text: vee33
For documentation on this error, please visit: https://www.seleniumhq.org/exceptions/no_such_element.html
Build info: version: &apos;3.141.59&apos;, revision: &apos;e82be7d358&apos;, time: &apos;2018-11-14T08:17:03&apos;
System info: host: &apos;LAPTOP&apos;, ip: &apos;192.168.0.12&apos;, os.name: &apos;Windows 10&apos;, os.arch: &apos;amd64&apos;, os.version: &apos;10.0&apos;, java.version: &apos;16.0.1&apos;
Driver info: driver.version: unknown
	at org.openqa.selenium.support.ui.Select.selectByVisibleText(Select.java:147)
	at com.jan23.base.basetest.dropdown(basetest.java:137)
	at com.jan23.tests.Login.editview(Login.java:434)
	at java.base/jdk.internal.reflect.NativeMethodAccessorImpl.invoke0(Native Method)
	at java.base/jdk.internal.reflect.NativeMethodAccessorImpl.invoke(NativeMethodAccessorImpl.java:78)
	at java.base/jdk.internal.reflect.DelegatingMethodAccessorImpl.invoke(DelegatingMethodAccessorImpl.java:43)
	at java.base/java.lang.reflect.Method.invoke(Method.java:567)
	at org.testng.internal.MethodInvocationHelper.invokeMethod(MethodInvocationHelper.java:124)
	at org.testng.internal.Invoker.invokeMethod(Invoker.java:583)
	at org.testng.internal.Invoker.invokeTestMethod(Invoker.java:719)
	at org.testng.internal.Invoker.invokeTestMethods(Invoker.java:989)
	at org.testng.internal.TestMethodWorker.invokeTestMethods(TestMethodWorker.java:125)
	at org.testng.internal.TestMethodWorker.run(TestMethodWorker.java:109)
	at org.testng.TestRunner.privateRun(TestRunner.java:648)
	at org.testng.TestRunner.run(TestRunner.java:505)
	at org.testng.SuiteRunner.runTest(SuiteRunner.java:455)
	at org.testng.SuiteRunner.runSequentially(SuiteRunner.java:450)
	at org.testng.SuiteRunner.privateRun(SuiteRunner.java:415)
	at org.testng.SuiteRunner.run(SuiteRunner.java:364)
	at org.testng.SuiteRunnerWorker.runSuite(SuiteRunnerWorker.java:52)
	at org.testng.SuiteRunnerWorker.run(SuiteRunnerWorker.java:84)
	at org.testng.TestNG.runSuitesSequentially(TestNG.java:1208)
	at org.testng.TestNG.runSuitesLocally(TestNG.java:1137)
	at org.testng.TestNG.runSuites(TestNG.java:1049)
	at org.testng.TestNG.run(TestNG.java:1017)
	at org.testng.remote.AbstractRemoteTestNG.run(AbstractRemoteTestNG.java:115)
	at org.testng.remote.RemoteTestNG.initAndRun(RemoteTestNG.java:251)
	at org.testng.remote.RemoteTestNG.main(RemoteTestNG.java:77)
</pre></div></td>
<td>33</td>
<td>com.jan23.tests.Login@4445629</td></tr>
</table><p>
<table width='100%' border='1' class='invocation-passed'>
<tr><td colspan='4' align='center'><b>PASSED TESTS</b></td></tr>
<tr><td><b>Test method</b></td>
<td width="30%"><b>Exception</b></td>
<td width="10%"><b>Time (seconds)</b></td>
<td><b>Instance</b></td>
</tr>
<tr>
<td title='com.jan23.tests.Login.accReport()'><b>accReport</b><br>Test class: com.jan23.tests.Login</td>
<td></td>
<td>76</td>
<td>com.jan23.tests.Login@4445629</td></tr>
<tr>
<td title='com.jan23.tests.Login.accountView()'><b>accountView</b><br>Test class: com.jan23.tests.Login</td>
<td></td>
<td>39</td>
<td>com.jan23.tests.Login@4445629</td></tr>
<tr>
<td title='com.jan23.tests.Login.acctName()'><b>acctName</b><br>Test class: com.jan23.tests.Login</td>
<td></td>
<td>45</td>
<td>com.jan23.tests.Login@4445629</td></tr>
<tr>
<td title='com.jan23.tests.Login.chklogout()'><b>chklogout</b><br>Test class: com.jan23.tests.Login</td>
<td></td>
<td>18</td>
<td>com.jan23.tests.Login@4445629</td></tr>
<tr>
<td title='com.jan23.tests.Login.clickGoBtn()'><b>clickGoBtn</b><br>Test class: com.jan23.tests.Login</td>
<td></td>
<td>59</td>
<td>com.jan23.tests.Login@4445629</td></tr>
<tr>
<td title='com.jan23.tests.Login.clickMyProfile()'><b>clickMyProfile</b><br>Test class: com.jan23.tests.Login</td>
<td></td>
<td>53</td>
<td>com.jan23.tests.Login@4445629</td></tr>
<tr>
<td title='com.jan23.tests.Login.contactsSave()'><b>contactsSave</b><br>Test class: com.jan23.tests.Login</td>
<td></td>
<td>54</td>
<td>com.jan23.tests.Login@4445629</td></tr>
<tr>
<td title='com.jan23.tests.Login.contactsdrp()'><b>contactsdrp</b><br>Test class: com.jan23.tests.Login</td>
<td></td>
<td>26</td>
<td>com.jan23.tests.Login@4445629</td></tr>
<tr>
<td title='com.jan23.tests.Login.contactshome()'><b>contactshome</b><br>Test class: com.jan23.tests.Login</td>
<td></td>
<td>44</td>
<td>com.jan23.tests.Login@4445629</td></tr>
<tr>
<td title='com.jan23.tests.Login.contactsnew()'><b>contactsnew</b><br>Test class: com.jan23.tests.Login</td>
<td></td>
<td>45</td>
<td>com.jan23.tests.Login@4445629</td></tr>
<tr>
<td title='com.jan23.tests.Login.contactsnewview()'><b>contactsnewview</b><br>Test class: com.jan23.tests.Login</td>
<td></td>
<td>36</td>
<td>com.jan23.tests.Login@4445629</td></tr>
<tr>
<td title='com.jan23.tests.Login.contactsview()'><b>contactsview</b><br>Test class: com.jan23.tests.Login</td>
<td></td>
<td>44</td>
<td>com.jan23.tests.Login@4445629</td></tr>
<tr>
<td title='com.jan23.tests.Login.custmytabs()'><b>custmytabs</b><br>Test class: com.jan23.tests.Login</td>
<td></td>
<td>57</td>
<td>com.jan23.tests.Login@4445629</td></tr>
<tr>
<td title='com.jan23.tests.Login.datelink()'><b>datelink</b><br>Test class: com.jan23.tests.Login</td>
<td></td>
<td>66</td>
<td>com.jan23.tests.Login@4445629</td></tr>
<tr>
<td title='com.jan23.tests.Login.datlink()'><b>datlink</b><br>Test class: com.jan23.tests.Login</td>
<td></td>
<td>111</td>
<td>com.jan23.tests.Login@4445629</td></tr>
<tr>
<td title='com.jan23.tests.Login.devconsole()'><b>devconsole</b><br>Test class: com.jan23.tests.Login</td>
<td></td>
<td>18</td>
<td>com.jan23.tests.Login@4445629</td></tr>
<tr>
<td title='com.jan23.tests.Login.forgotpwd()'><b>forgotpwd</b><br>Test class: com.jan23.tests.Login</td>
<td></td>
<td>1</td>
<td>com.jan23.tests.Login@4445629</td></tr>
<tr>
<td title='com.jan23.tests.Login.homepage()'><b>homepage</b><br>Test class: com.jan23.tests.Login</td>
<td></td>
<td>39</td>
<td>com.jan23.tests.Login@4445629</td></tr>
<tr>
<td title='com.jan23.tests.Login.leadlastname()'><b>leadlastname</b><br>Test class: com.jan23.tests.Login</td>
<td></td>
<td>50</td>
<td>com.jan23.tests.Login@4445629</td></tr>
<tr>
<td title='com.jan23.tests.Login.leadsTodaysleads()'><b>leadsTodaysleads</b><br>Test class: com.jan23.tests.Login</td>
<td></td>
<td>33</td>
<td>com.jan23.tests.Login@4445629</td></tr>
<tr>
<td title='com.jan23.tests.Login.leadsdrp()'><b>leadsdrp</b><br>Test class: com.jan23.tests.Login</td>
<td></td>
<td>21</td>
<td>com.jan23.tests.Login@4445629</td></tr>
<tr>
<td title='com.jan23.tests.Login.leadstab()'><b>leadstab</b><br>Test class: com.jan23.tests.Login</td>
<td></td>
<td>29</td>
<td>com.jan23.tests.Login@4445629</td></tr>
<tr>
<td title='com.jan23.tests.Login.loginNegTC()'><b>loginNegTC</b><br>Test class: com.jan23.tests.Login</td>
<td></td>
<td>10</td>
<td>com.jan23.tests.Login@4445629</td></tr>
<tr>
<td title='com.jan23.tests.Login.loginpage()'><b>loginpage</b><br>Test class: com.jan23.tests.Login</td>
<td></td>
<td>18</td>
<td>com.jan23.tests.Login@4445629</td></tr>
<tr>
<td title='com.jan23.tests.Login.merge()'><b>merge</b><br>Test class: com.jan23.tests.Login</td>
<td></td>
<td>66</td>
<td>com.jan23.tests.Login@4445629</td></tr>
<tr>
<td title='com.jan23.tests.Login.mycontacts()'><b>mycontacts</b><br>Test class: com.jan23.tests.Login</td>
<td></td>
<td>31</td>
<td>com.jan23.tests.Login@4445629</td></tr>
<tr>
<td title='com.jan23.tests.Login.opportunity()'><b>opportunity</b><br>Test class: com.jan23.tests.Login</td>
<td></td>
<td>24</td>
<td>com.jan23.tests.Login@4445629</td></tr>
<tr>
<td title='com.jan23.tests.Login.opportunitylink()'><b>opportunitylink</b><br>Test class: com.jan23.tests.Login</td>
<td></td>
<td>30</td>
<td>com.jan23.tests.Login@4445629</td></tr>
<tr>
<td title='com.jan23.tests.Login.opportunitynew()'><b>opportunitynew</b><br>Test class: com.jan23.tests.Login</td>
<td></td>
<td>46</td>
<td>com.jan23.tests.Login@4445629</td></tr>
<tr>
<td title='com.jan23.tests.Login.oppostucklink()'><b>oppostucklink</b><br>Test class: com.jan23.tests.Login</td>
<td></td>
<td>37</td>
<td>com.jan23.tests.Login@4445629</td></tr>
<tr>
<td title='com.jan23.tests.Login.quaterlysummary()'><b>quaterlysummary</b><br>Test class: com.jan23.tests.Login</td>
<td></td>
<td>40</td>
<td>com.jan23.tests.Login@4445629</td></tr>
<tr>
<td title='com.jan23.tests.Login.random()'><b>random</b><br>Test class: com.jan23.tests.Login</td>
<td></td>
<td>60</td>
<td>com.jan23.tests.Login@4445629</td></tr>
<tr>
<td title='com.jan23.tests.Login.rememberMe()'><b>rememberMe</b><br>Test class: com.jan23.tests.Login</td>
<td></td>
<td>31</td>
<td>com.jan23.tests.Login@4445629</td></tr>
<tr>
<td title='com.jan23.tests.Login.selpersonal()'><b>selpersonal</b><br>Test class: com.jan23.tests.Login</td>
<td></td>
<td>21</td>
<td>com.jan23.tests.Login@4445629</td></tr>
<tr>
<td title='com.jan23.tests.Login.usernamedropdown()'><b>usernamedropdown</b><br>Test class: com.jan23.tests.Login</td>
<td></td>
<td>20</td>
<td>com.jan23.tests.Login@4445629</td></tr>
</table><p>
</body>
</html>