<?xml version="1.0" encoding="UTF-8"?>
<!-- Generated by org.testng.reporters.JUnitXMLReporter -->
<testsuite ignored="0" hostname="Laptop" failures="2" tests="37" name="tests" time="1558.639" errors="0" timestamp="21 Feb 2023 04:17:43 GMT">
  <testcase classname="com.jan23.tests.Login" name="loginNegTC" time="10.979"/>
  <testcase classname="com.jan23.tests.Login" name="loginpage" time="18.885"/>
  <testcase classname="com.jan23.tests.Login" name="rememberMe" time="31.26"/>
  <testcase classname="com.jan23.tests.Login" name="forgotpwd" time="1.357"/>
  <testcase classname="com.jan23.tests.Login" name="usernamedropdown" time="20.414"/>
  <testcase classname="com.jan23.tests.Login" name="clickMyProfile" time="53.081"/>
  <testcase classname="com.jan23.tests.Login" name="selpersonal" time="21.767"/>
  <testcase classname="com.jan23.tests.Login" name="devconsole" time="18.542"/>
  <testcase classname="com.jan23.tests.Login" name="chklogout" time="18.219"/>
  <testcase classname="com.jan23.tests.Login" name="acctName" time="45.881"/>
  <testcase classname="com.jan23.tests.Login" name="accountView" time="39.549"/>
  <testcase classname="com.jan23.tests.Login" name="editview" time="33.894">
    <failure type="org.openqa.selenium.NoSuchElementException" message="Cannot locate element with text: vee33
For documentation on this error, please visit: https://www.seleniumhq.org/exceptions/no_such_element.html
Build info: version: &amp;apos;3.141.59&amp;apos;, revision: &amp;apos;e82be7d358&amp;apos;, time: &amp;apos;2018-11-14T08:17:03&amp;apos;
System info: host: &amp;apos;LAPTOP&amp;apos;, ip: &amp;apos;192.168.0.12&amp;apos;, os.name: &amp;apos;Windows 10&amp;apos;, os.arch: &amp;apos;amd64&amp;apos;, os.version: &amp;apos;10.0&amp;apos;, java.version: &amp;apos;16.0.1&amp;apos;
Driver info: driver.version: unknown">
      <![CDATA[org.openqa.selenium.NoSuchElementException: Cannot locate element with text: vee33
For documentation on this error, please visit: https://www.seleniumhq.org/exceptions/no_such_element.html
Build info: version: '3.141.59', revision: 'e82be7d358', time: '2018-11-14T08:17:03'
System info: host: 'LAPTOP', ip: '192.168.0.12', os.name: 'Windows 10', os.arch: 'amd64', os.version: '10.0', java.version: '16.0.1'
Driver info: driver.version: unknown
at org.openqa.selenium.support.ui.Select.selectByVisibleText(Select.java:147)
at com.jan23.base.basetest.dropdown(basetest.java:137)
at com.jan23.tests.Login.editview(Login.java:434)
... Removed 25 stack frames]]>
    </failure>
  </testcase> <!-- editview -->
  <testcase classname="com.jan23.tests.Login" name="merge" time="66.138"/>
  <testcase classname="com.jan23.tests.Login" name="accReport" time="76.693"/>
  <testcase classname="com.jan23.tests.Login" name="opportunity" time="24.058"/>
  <testcase classname="com.jan23.tests.Login" name="opportunitynew" time="46.98"/>
  <testcase classname="com.jan23.tests.Login" name="opportunitylink" time="30.852"/>
  <testcase classname="com.jan23.tests.Login" name="oppostucklink" time="37.838"/>
  <testcase classname="com.jan23.tests.Login" name="quaterlysummary" time="40.57"/>
  <testcase classname="com.jan23.tests.Login" name="leadstab" time="29.848"/>
  <testcase classname="com.jan23.tests.Login" name="leadsdrp" time="21.748"/>
  <testcase classname="com.jan23.tests.Login" name="clickGoBtn" time="59.978"/>
  <testcase classname="com.jan23.tests.Login" name="leadsTodaysleads" time="33.964"/>
  <testcase classname="com.jan23.tests.Login" name="leadlastname" time="50.625"/>
  <testcase classname="com.jan23.tests.Login" name="contactsnew" time="45.548"/>
  <testcase classname="com.jan23.tests.Login" name="contactsnewview" time="36.569"/>
  <testcase classname="com.jan23.tests.Login" name="contactsdrp" time="26.734"/>
  <testcase classname="com.jan23.tests.Login" name="mycontacts" time="31.721"/>
  <testcase classname="com.jan23.tests.Login" name="contactsRecent" time="26.394">
    <failure type="org.openqa.selenium.NoSuchElementException" message="no such element: Unable to locate element: {&amp;quot;method&amp;quot;:&amp;quot;xpath&amp;quot;,&amp;quot;selector&amp;quot;:&amp;quot;//a[contains(text(),&amp;apos;United Oil &amp;amp; Gas Corp.&amp;apos;)]&amp;quot;}
  (Session info: chrome=110.0.5481.104)
For documentation on this error, please visit: https://www.seleniumhq.org/exceptions/no_such_element.html
Build info: version: &amp;apos;3.141.59&amp;apos;, revision: &amp;apos;e82be7d358&amp;apos;, time: &amp;apos;2018-11-14T08:17:03&amp;apos;
System info: host: &amp;apos;LAPTOP&amp;apos;, ip: &amp;apos;192.168.0.12&amp;apos;, os.name: &amp;apos;Windows 10&amp;apos;, os.arch: &amp;apos;amd64&amp;apos;, os.version: &amp;apos;10.0&amp;apos;, java.version: &amp;apos;16.0.1&amp;apos;
Driver info: org.openqa.selenium.chrome.ChromeDriver
Capabilities {acceptInsecureCerts: false, browserName: chrome, browserVersion: 110.0.5481.104, chrome: {chromedriverVersion: 110.0.5481.77 (65ed616c6e8e..., userDataDir: C:\Users\admin\AppData\Loca...}, goog:chromeOptions: {debuggerAddress: localhost:59365}, javascriptEnabled: true, networkConnectionEnabled: false, pageLoadStrategy: normal, platform: WINDOWS, platformName: WINDOWS, proxy: Proxy(), setWindowRect: true, strictFileInteractability: false, timeouts: {implicit: 0, pageLoad: 300000, script: 30000}, unhandledPromptBehavior: dismiss and notify, webauthn:extension:credBlob: true, webauthn:extension:largeBlob: true, webauthn:virtualAuthenticators: true}
Session ID: 38b51a6a76da4b4a377380e15cce161d
*** Element info: {Using=xpath, value=//a[contains(text(),&amp;apos;United Oil &amp;amp; Gas Corp.&amp;apos;)]}">
      <![CDATA[org.openqa.selenium.NoSuchElementException: no such element: Unable to locate element: {"method":"xpath","selector":"//a[contains(text(),'United Oil & Gas Corp.')]"}
  (Session info: chrome=110.0.5481.104)
For documentation on this error, please visit: https://www.seleniumhq.org/exceptions/no_such_element.html
Build info: version: '3.141.59', revision: 'e82be7d358', time: '2018-11-14T08:17:03'
System info: host: 'LAPTOP', ip: '192.168.0.12', os.name: 'Windows 10', os.arch: 'amd64', os.version: '10.0', java.version: '16.0.1'
Driver info: org.openqa.selenium.chrome.ChromeDriver
Capabilities {acceptInsecureCerts: false, browserName: chrome, browserVersion: 110.0.5481.104, chrome: {chromedriverVersion: 110.0.5481.77 (65ed616c6e8e..., userDataDir: C:\Users\admin\AppData\Loca...}, goog:chromeOptions: {debuggerAddress: localhost:59365}, javascriptEnabled: true, networkConnectionEnabled: false, pageLoadStrategy: normal, platform: WINDOWS, platformName: WINDOWS, proxy: Proxy(), setWindowRect: true, strictFileInteractability: false, timeouts: {implicit: 0, pageLoad: 300000, script: 30000}, unhandledPromptBehavior: dismiss and notify, webauthn:extension:credBlob: true, webauthn:extension:largeBlob: true, webauthn:virtualAuthenticators: true}
Session ID: 38b51a6a76da4b4a377380e15cce161d
*** Element info: {Using=xpath, value=//a[contains(text(),'United Oil & Gas Corp.')]}
at org.openqa.selenium.remote.http.W3CHttpResponseCodec.createException(W3CHttpResponseCodec.java:187)
at org.openqa.selenium.remote.http.W3CHttpResponseCodec.decode(W3CHttpResponseCodec.java:122)
at org.openqa.selenium.remote.http.W3CHttpResponseCodec.decode(W3CHttpResponseCodec.java:49)
at org.openqa.selenium.remote.HttpCommandExecutor.execute(HttpCommandExecutor.java:158)
at org.openqa.selenium.remote.service.DriverCommandExecutor.execute(DriverCommandExecutor.java:83)
at org.openqa.selenium.remote.RemoteWebDriver.execute(RemoteWebDriver.java:552)
at org.openqa.selenium.remote.RemoteWebDriver.findElement(RemoteWebDriver.java:323)
at org.openqa.selenium.remote.RemoteWebDriver.findElementByXPath(RemoteWebDriver.java:428)
at org.openqa.selenium.By$ByXPath.findElement(By.java:353)
at org.openqa.selenium.remote.RemoteWebDriver.findElement(RemoteWebDriver.java:315)
at com.jan23.tests.Login.contactsRecent(Login.java:1238)
... Removed 30 stack frames]]>
    </failure>
  </testcase> <!-- contactsRecent -->
  <testcase classname="com.jan23.tests.Login" name="contactsview" time="44.011"/>
  <testcase classname="com.jan23.tests.Login" name="contactshome" time="44.713"/>
  <testcase classname="com.jan23.tests.Login" name="contactsSave" time="54.063"/>
  <testcase classname="com.jan23.tests.Login" name="homepage" time="39.336"/>
  <testcase classname="com.jan23.tests.Login" name="random" time="60.908"/>
  <testcase classname="com.jan23.tests.Login" name="custmytabs" time="57.426"/>
  <testcase classname="com.jan23.tests.Login" name="datelink" time="66.777"/>
  <testcase classname="com.jan23.tests.Login" name="datlink" time="111.297"/>
</testsuite> <!-- tests -->
