<?xml version="1.0" encoding="UTF-8"?>
<!-- Generated by org.testng.reporters.JUnitXMLReporter -->
<testsuite ignored="35" hostname="Laptop" failures="1" tests="2" name="tests(failed)" time="98.578" errors="0" timestamp="21 Feb 2023 04:27:51 GMT">
  <testcase classname="com.jan23.tests.Login" name="editview" time="39.559">
    <failure type="org.openqa.selenium.NoSuchElementException" message="no such element: Unable to locate element: {&amp;quot;method&amp;quot;:&amp;quot;xpath&amp;quot;,&amp;quot;selector&amp;quot;:&amp;quot;//tbody/tr[1]/td[2]/div[2]/form[1]/div[1]/span[1]/span[1]/input[1]&amp;quot;}
  (Session info: chrome=110.0.5481.104)
For documentation on this error, please visit: https://www.seleniumhq.org/exceptions/no_such_element.html
Build info: version: &amp;apos;3.141.59&amp;apos;, revision: &amp;apos;e82be7d358&amp;apos;, time: &amp;apos;2018-11-14T08:17:03&amp;apos;
System info: host: &amp;apos;LAPTOP&amp;apos;, ip: &amp;apos;192.168.0.12&amp;apos;, os.name: &amp;apos;Windows 10&amp;apos;, os.arch: &amp;apos;amd64&amp;apos;, os.version: &amp;apos;10.0&amp;apos;, java.version: &amp;apos;16.0.1&amp;apos;
Driver info: org.openqa.selenium.chrome.ChromeDriver
Capabilities {acceptInsecureCerts: false, browserName: chrome, browserVersion: 110.0.5481.104, chrome: {chromedriverVersion: 110.0.5481.77 (65ed616c6e8e..., userDataDir: C:\Users\admin\AppData\Loca...}, goog:chromeOptions: {debuggerAddress: localhost:60149}, javascriptEnabled: true, networkConnectionEnabled: false, pageLoadStrategy: normal, platform: WINDOWS, platformName: WINDOWS, proxy: Proxy(), setWindowRect: true, strictFileInteractability: false, timeouts: {implicit: 0, pageLoad: 300000, script: 30000}, unhandledPromptBehavior: dismiss and notify, webauthn:extension:credBlob: true, webauthn:extension:largeBlob: true, webauthn:virtualAuthenticators: true}
Session ID: 8de2a51c29582a2ea3514fde9930687e
*** Element info: {Using=xpath, value=//tbody/tr[1]/td[2]/div[2]/form[1]/div[1]/span[1]/span[1]/input[1]}">
      <![CDATA[org.openqa.selenium.NoSuchElementException: no such element: Unable to locate element: {"method":"xpath","selector":"//tbody/tr[1]/td[2]/div[2]/form[1]/div[1]/span[1]/span[1]/input[1]"}
  (Session info: chrome=110.0.5481.104)
For documentation on this error, please visit: https://www.seleniumhq.org/exceptions/no_such_element.html
Build info: version: '3.141.59', revision: 'e82be7d358', time: '2018-11-14T08:17:03'
System info: host: 'LAPTOP', ip: '192.168.0.12', os.name: 'Windows 10', os.arch: 'amd64', os.version: '10.0', java.version: '16.0.1'
Driver info: org.openqa.selenium.chrome.ChromeDriver
Capabilities {acceptInsecureCerts: false, browserName: chrome, browserVersion: 110.0.5481.104, chrome: {chromedriverVersion: 110.0.5481.77 (65ed616c6e8e..., userDataDir: C:\Users\admin\AppData\Loca...}, goog:chromeOptions: {debuggerAddress: localhost:60149}, javascriptEnabled: true, networkConnectionEnabled: false, pageLoadStrategy: normal, platform: WINDOWS, platformName: WINDOWS, proxy: Proxy(), setWindowRect: true, strictFileInteractability: false, timeouts: {implicit: 0, pageLoad: 300000, script: 30000}, unhandledPromptBehavior: dismiss and notify, webauthn:extension:credBlob: true, webauthn:extension:largeBlob: true, webauthn:virtualAuthenticators: true}
Session ID: 8de2a51c29582a2ea3514fde9930687e
*** Element info: {Using=xpath, value=//tbody/tr[1]/td[2]/div[2]/form[1]/div[1]/span[1]/span[1]/input[1]}
at org.openqa.selenium.remote.http.W3CHttpResponseCodec.createException(W3CHttpResponseCodec.java:187)
at org.openqa.selenium.remote.http.W3CHttpResponseCodec.decode(W3CHttpResponseCodec.java:122)
at org.openqa.selenium.remote.http.W3CHttpResponseCodec.decode(W3CHttpResponseCodec.java:49)
at org.openqa.selenium.remote.HttpCommandExecutor.execute(HttpCommandExecutor.java:158)
at org.openqa.selenium.remote.service.DriverCommandExecutor.execute(DriverCommandExecutor.java:83)
at org.openqa.selenium.remote.RemoteWebDriver.execute(RemoteWebDriver.java:552)
at org.openqa.selenium.remote.RemoteWebDriver.findElement(RemoteWebDriver.java:323)
at org.openqa.selenium.remote.RemoteWebDriver.findElementByXPath(RemoteWebDriver.java:428)
at org.openqa.selenium.By$ByXPath.findElement(By.java:353)
at org.openqa.selenium.remote.RemoteWebDriver.findElement(RemoteWebDriver.java:315)
at com.jan23.tests.Login.editview(Login.java:437)
... Removed 30 stack frames]]>
    </failure>
  </testcase> <!-- editview -->
  <testcase classname="com.jan23.tests.Login" name="contactsRecent" time="49.449"/>
  <testcase classname="com.jan23.tests.Login" name="contactsnewview" time="0.0">
    <ignored/>
  </testcase> <!-- contactsnewview -->
  <testcase classname="com.jan23.tests.Login" name="contactsSave" time="0.0">
    <ignored/>
  </testcase> <!-- contactsSave -->
  <testcase classname="com.jan23.tests.Login" name="leadstab" time="0.0">
    <ignored/>
  </testcase> <!-- leadstab -->
  <testcase classname="com.jan23.tests.Login" name="datelink" time="0.0">
    <ignored/>
  </testcase> <!-- datelink -->
  <testcase classname="com.jan23.tests.Login" name="contactshome" time="0.0">
    <ignored/>
  </testcase> <!-- contactshome -->
  <testcase classname="com.jan23.tests.Login" name="loginNegTC" time="0.0">
    <ignored/>
  </testcase> <!-- loginNegTC -->
  <testcase classname="com.jan23.tests.Login" name="devconsole" time="0.0">
    <ignored/>
  </testcase> <!-- devconsole -->
  <testcase classname="com.jan23.tests.Login" name="accountView" time="0.0">
    <ignored/>
  </testcase> <!-- accountView -->
  <testcase classname="com.jan23.tests.Login" name="merge" time="0.0">
    <ignored/>
  </testcase> <!-- merge -->
  <testcase classname="com.jan23.tests.Login" name="contactsdrp" time="0.0">
    <ignored/>
  </testcase> <!-- contactsdrp -->
  <testcase classname="com.jan23.tests.Login" name="contactsnew" time="0.0">
    <ignored/>
  </testcase> <!-- contactsnew -->
  <testcase classname="com.jan23.tests.Login" name="random" time="0.0">
    <ignored/>
  </testcase> <!-- random -->
  <testcase classname="com.jan23.tests.Login" name="oppostucklink" time="0.0">
    <ignored/>
  </testcase> <!-- oppostucklink -->
  <testcase classname="com.jan23.tests.Login" name="datlink" time="0.0">
    <ignored/>
  </testcase> <!-- datlink -->
  <testcase classname="com.jan23.tests.Login" name="opportunitynew" time="0.0">
    <ignored/>
  </testcase> <!-- opportunitynew -->
  <testcase classname="com.jan23.tests.Login" name="selpersonal" time="0.0">
    <ignored/>
  </testcase> <!-- selpersonal -->
  <testcase classname="com.jan23.tests.Login" name="acctName" time="0.0">
    <ignored/>
  </testcase> <!-- acctName -->
  <testcase classname="com.jan23.tests.Login" name="clickMyProfile" time="0.0">
    <ignored/>
  </testcase> <!-- clickMyProfile -->
  <testcase classname="com.jan23.tests.Login" name="leadsTodaysleads" time="0.0">
    <ignored/>
  </testcase> <!-- leadsTodaysleads -->
  <testcase classname="com.jan23.tests.Login" name="opportunitylink" time="0.0">
    <ignored/>
  </testcase> <!-- opportunitylink -->
  <testcase classname="com.jan23.tests.Login" name="quaterlysummary" time="0.0">
    <ignored/>
  </testcase> <!-- quaterlysummary -->
  <testcase classname="com.jan23.tests.Login" name="opportunity" time="0.0">
    <ignored/>
  </testcase> <!-- opportunity -->
  <testcase classname="com.jan23.tests.Login" name="accReport" time="0.0">
    <ignored/>
  </testcase> <!-- accReport -->
  <testcase classname="com.jan23.tests.Login" name="loginpage" time="0.0">
    <ignored/>
  </testcase> <!-- loginpage -->
  <testcase classname="com.jan23.tests.Login" name="chklogout" time="0.0">
    <ignored/>
  </testcase> <!-- chklogout -->
  <testcase classname="com.jan23.tests.Login" name="leadlastname" time="0.0">
    <ignored/>
  </testcase> <!-- leadlastname -->
  <testcase classname="com.jan23.tests.Login" name="mycontacts" time="0.0">
    <ignored/>
  </testcase> <!-- mycontacts -->
  <testcase classname="com.jan23.tests.Login" name="clickGoBtn" time="0.0">
    <ignored/>
  </testcase> <!-- clickGoBtn -->
  <testcase classname="com.jan23.tests.Login" name="usernamedropdown" time="0.0">
    <ignored/>
  </testcase> <!-- usernamedropdown -->
  <testcase classname="com.jan23.tests.Login" name="homepage" time="0.0">
    <ignored/>
  </testcase> <!-- homepage -->
  <testcase classname="com.jan23.tests.Login" name="forgotpwd" time="0.0">
    <ignored/>
  </testcase> <!-- forgotpwd -->
  <testcase classname="com.jan23.tests.Login" name="contactsview" time="0.0">
    <ignored/>
  </testcase> <!-- contactsview -->
  <testcase classname="com.jan23.tests.Login" name="leadsdrp" time="0.0">
    <ignored/>
  </testcase> <!-- leadsdrp -->
  <testcase classname="com.jan23.tests.Login" name="custmytabs" time="0.0">
    <ignored/>
  </testcase> <!-- custmytabs -->
  <testcase classname="com.jan23.tests.Login" name="rememberMe" time="0.0">
    <ignored/>
  </testcase> <!-- rememberMe -->
</testsuite> <!-- tests(failed) -->
